-------------------------------------------------------------------------------
Test set: app.IntegrationTest
-------------------------------------------------------------------------------
Tests run: 1, Failures: 1, Errors: 0, Skipped: 0, Time elapsed: 0.969 s <<< FAILURE! - in app.IntegrationTest
app.IntegrationTest.shouldSayHi(int)  Time elapsed: 0.16 s  <<< FAILURE!
org.opentest4j.AssertionFailedError: expected: <Welcome to Jooby!> but was: <Welcome to Booby !1>
	at app.IntegrationTest.shouldSayHi(IntegrationTest.java:26)

