<?xml version="1.0" encoding="UTF-8"?>
<testsuite xmlns:xsi="http://www.w3.org/2001/XMLSchema-instance" xsi:noNamespaceSchemaLocation="https://maven.apache.org/surefire/maven-surefire-plugin/xsd/surefire-test-report-3.0.xsd" version="3.0" name="app.UnitTest" time="0.011" tests="1" errors="0" skipped="0" failures="1">
  <properties>
[...]
</properties>
  <testcase name="welcome" classname="app.UnitTest" time="0.01">
    <failure type="org.opentest4j.AssertionFailedError"><![CDATA[org.opentest4j.AssertionFailedError: expected: <Welcome to Jooby!> but was: <Welcome to Booby !1>
	at app.UnitTest.lambda$welcome$0(UnitTest.java:14)
	at app.UnitTest.welcome(UnitTest.java:13)
]]></failure>
  </testcase>
</testsuite>